<?xml version="1.0" encoding="UTF-8"?>
<!-- Generated by org.testng.reporters.JUnitReportReporter -->
<testsuite hostname="SVBAWin" name="com.juliamavenpractice.test.TestNG_Test" tests="1" failures="0" timestamp="20 Jan 2020 15:05:19 GMT" time="2.083" errors="0">
  <testcase name="fillBasicInfo" time="2.083" classname="com.juliamavenpractice.test.TestNG_Test"/>
</testsuite> <!-- com.juliamavenpractice.test.TestNG_Test -->
