<?xml version="1.0" encoding="UTF-8"?>
<!-- Generated by org.testng.reporters.JUnitReportReporter -->
<testsuite hostname="SVBAWin" name="com.juliamavenpractice.test.TestNG_Grouping" tests="4" failures="0" timestamp="20 Jan 2020 15:05:19 GMT" time="0.005" errors="0">
  <testcase name="HondaAccord" time="0.001" classname="com.juliamavenpractice.test.TestNG_Grouping"/>
  <testcase name="AudiA6" time="0.002" classname="com.juliamavenpractice.test.TestNG_Grouping"/>
  <testcase name="BMW3Series" time="0.001" classname="com.juliamavenpractice.test.TestNG_Grouping"/>
  <testcase name="BMWX3" time="0.001" classname="com.juliamavenpractice.test.TestNG_Grouping"/>
</testsuite> <!-- com.juliamavenpractice.test.TestNG_Grouping -->
